CRITICAL - 2025-03-02 00:24:20 --> Use of undefined constant “ - assumed '“' (this will throw an Error in a future version of PHP)
#0 C:\wamp64\www\prueba2\app\Views\plantillas\portal_base.php(51): CodeIgniter\Debug\Exceptions->errorHandler(2, 'Use of undefine...', 'C:\\wamp64\\www\\p...', 51, Array)
#1 C:\wamp64\www\prueba2\vendor\codeigniter4\framework\system\View\View.php(210): include('C:\\wamp64\\www\\p...')
#2 C:\wamp64\www\prueba2\vendor\codeigniter4\framework\system\View\View.php(213): CodeIgniter\View\View->CodeIgniter\View\{closure}()
#3 C:\wamp64\www\prueba2\vendor\codeigniter4\framework\system\View\View.php(226): CodeIgniter\View\View->render('Plantillas/port...', Array, true)
#4 C:\wamp64\www\prueba2\vendor\codeigniter4\framework\system\Common.php(1089): CodeIgniter\View\View->render('portal/portal', Array, true)
#5 C:\wamp64\www\prueba2\app\Controllers\Portal\Portal.php(40): view('portal/portal', Array)
#6 C:\wamp64\www\prueba2\app\Controllers\Portal\Portal.php(45): App\Controllers\Portal\Portal->make_view('portal/portal', Array)
#7 C:\wamp64\www\prueba2\vendor\codeigniter4\framework\system\CodeIgniter.php(832): App\Controllers\Portal\Portal->index()
#8 C:\wamp64\www\prueba2\vendor\codeigniter4\framework\system\CodeIgniter.php(419): CodeIgniter\CodeIgniter->runController(Object(App\Controllers\Portal\Portal))
#9 C:\wamp64\www\prueba2\vendor\codeigniter4\framework\system\CodeIgniter.php(326): CodeIgniter\CodeIgniter->handleRequest(NULL, Object(Config\Cache), false)
#10 C:\wamp64\www\prueba2\public\index.php(37): CodeIgniter\CodeIgniter->run()
#11 C:\wamp64\www\prueba2\vendor\codeigniter4\framework\system\Commands\Server\rewrite.php(43): require_once('C:\\wamp64\\www\\p...')
#12 {main}
CRITICAL - 2025-03-02 01:58:30 --> Undefined variable: titulo_pagina
#0 C:\wamp64\www\prueba2\app\Views\Portal\portal.php(7): CodeIgniter\Debug\Exceptions->errorHandler(8, 'Undefined varia...', 'C:\\wamp64\\www\\p...', 7, Array)
#1 C:\wamp64\www\prueba2\vendor\codeigniter4\framework\system\View\View.php(210): include('C:\\wamp64\\www\\p...')
#2 C:\wamp64\www\prueba2\vendor\codeigniter4\framework\system\View\View.php(213): CodeIgniter\View\View->CodeIgniter\View\{closure}()
#3 C:\wamp64\www\prueba2\vendor\codeigniter4\framework\system\Common.php(1089): CodeIgniter\View\View->render('portal/portal', Array, true)
#4 C:\wamp64\www\prueba2\app\Controllers\Portal\Portal.php(37): view('portal/portal', Array)
#5 C:\wamp64\www\prueba2\app\Controllers\Portal\Portal.php(42): App\Controllers\Portal\Portal->make_view('portal/portal', Array)
#6 C:\wamp64\www\prueba2\vendor\codeigniter4\framework\system\CodeIgniter.php(832): App\Controllers\Portal\Portal->index()
#7 C:\wamp64\www\prueba2\vendor\codeigniter4\framework\system\CodeIgniter.php(419): CodeIgniter\CodeIgniter->runController(Object(App\Controllers\Portal\Portal))
#8 C:\wamp64\www\prueba2\vendor\codeigniter4\framework\system\CodeIgniter.php(326): CodeIgniter\CodeIgniter->handleRequest(NULL, Object(Config\Cache), false)
#9 C:\wamp64\www\prueba2\public\index.php(37): CodeIgniter\CodeIgniter->run()
#10 C:\wamp64\www\prueba2\vendor\codeigniter4\framework\system\Commands\Server\rewrite.php(43): require_once('C:\\wamp64\\www\\p...')
#11 {main}
