CRITICAL - 2025-02-17 13:13:37 --> Invalid file: platillas/panel_base.php
#0 C:\xampp\htdocs\prueba\vendor\codeigniter4\framework\system\View\View.php(198): CodeIgniter\Exceptions\FrameworkException::forInvalidFile('platillas/panel...')
#1 C:\xampp\htdocs\prueba\vendor\codeigniter4\framework\system\View\View.php(226): CodeIgniter\View\View->render('platillas/panel...', Array, true)
#2 C:\xampp\htdocs\prueba\vendor\codeigniter4\framework\system\Common.php(1089): CodeIgniter\View\View->render('panel/dashboard', Array, true)
#3 C:\xampp\htdocs\prueba\app\Controllers\Panel\Dashboard.php(20): view('panel/dashboard', Array)
#4 C:\xampp\htdocs\prueba\app\Controllers\Panel\Dashboard.php(26): App\Controllers\Panel\Dashboard->make_view('panel/dashboard', Array)
#5 C:\xampp\htdocs\prueba\vendor\codeigniter4\framework\system\CodeIgniter.php(832): App\Controllers\Panel\Dashboard->index()
#6 C:\xampp\htdocs\prueba\vendor\codeigniter4\framework\system\CodeIgniter.php(419): CodeIgniter\CodeIgniter->runController(Object(App\Controllers\Panel\Dashboard))
#7 C:\xampp\htdocs\prueba\vendor\codeigniter4\framework\system\CodeIgniter.php(326): CodeIgniter\CodeIgniter->handleRequest(NULL, Object(Config\Cache), false)
#8 C:\xampp\htdocs\prueba\public\index.php(37): CodeIgniter\CodeIgniter->run()
#9 C:\xampp\htdocs\prueba\vendor\codeigniter4\framework\system\Commands\Server\rewrite.php(43): require_once('C:\\xampp\\htdocs...')
#10 {main}
CRITICAL - 2025-02-17 13:15:18 --> Invalid file: platillas/panel_base.php
#0 C:\xampp\htdocs\prueba\vendor\codeigniter4\framework\system\View\View.php(198): CodeIgniter\Exceptions\FrameworkException::forInvalidFile('platillas/panel...')
#1 C:\xampp\htdocs\prueba\vendor\codeigniter4\framework\system\View\View.php(226): CodeIgniter\View\View->render('platillas/panel...', Array, true)
#2 C:\xampp\htdocs\prueba\vendor\codeigniter4\framework\system\Common.php(1089): CodeIgniter\View\View->render('panel/dashboard', Array, true)
#3 C:\xampp\htdocs\prueba\app\Controllers\Panel\Dashboard.php(20): view('panel/dashboard', Array)
#4 C:\xampp\htdocs\prueba\app\Controllers\Panel\Dashboard.php(26): App\Controllers\Panel\Dashboard->make_view('panel/dashboard', Array)
#5 C:\xampp\htdocs\prueba\vendor\codeigniter4\framework\system\CodeIgniter.php(832): App\Controllers\Panel\Dashboard->index()
#6 C:\xampp\htdocs\prueba\vendor\codeigniter4\framework\system\CodeIgniter.php(419): CodeIgniter\CodeIgniter->runController(Object(App\Controllers\Panel\Dashboard))
#7 C:\xampp\htdocs\prueba\vendor\codeigniter4\framework\system\CodeIgniter.php(326): CodeIgniter\CodeIgniter->handleRequest(NULL, Object(Config\Cache), false)
#8 C:\xampp\htdocs\prueba\public\index.php(37): CodeIgniter\CodeIgniter->run()
#9 C:\xampp\htdocs\prueba\vendor\codeigniter4\framework\system\Commands\Server\rewrite.php(43): require_once('C:\\xampp\\htdocs...')
#10 {main}
CRITICAL - 2025-02-17 13:17:56 --> Invalid file: platillas/panel_base.php
#0 C:\xampp\htdocs\prueba\vendor\codeigniter4\framework\system\View\View.php(198): CodeIgniter\Exceptions\FrameworkException::forInvalidFile('platillas/panel...')
#1 C:\xampp\htdocs\prueba\vendor\codeigniter4\framework\system\View\View.php(226): CodeIgniter\View\View->render('platillas/panel...', Array, true)
#2 C:\xampp\htdocs\prueba\vendor\codeigniter4\framework\system\Common.php(1089): CodeIgniter\View\View->render('panel/dashboard', Array, true)
#3 C:\xampp\htdocs\prueba\app\Controllers\Panel\Dashboard.php(20): view('panel/dashboard', Array)
#4 C:\xampp\htdocs\prueba\app\Controllers\Panel\Dashboard.php(26): App\Controllers\Panel\Dashboard->make_view('panel/dashboard', Array)
#5 C:\xampp\htdocs\prueba\vendor\codeigniter4\framework\system\CodeIgniter.php(832): App\Controllers\Panel\Dashboard->index()
#6 C:\xampp\htdocs\prueba\vendor\codeigniter4\framework\system\CodeIgniter.php(419): CodeIgniter\CodeIgniter->runController(Object(App\Controllers\Panel\Dashboard))
#7 C:\xampp\htdocs\prueba\vendor\codeigniter4\framework\system\CodeIgniter.php(326): CodeIgniter\CodeIgniter->handleRequest(NULL, Object(Config\Cache), false)
#8 C:\xampp\htdocs\prueba\public\index.php(37): CodeIgniter\CodeIgniter->run()
#9 C:\xampp\htdocs\prueba\vendor\codeigniter4\framework\system\Commands\Server\rewrite.php(43): require_once('C:\\xampp\\htdocs...')
#10 {main}
CRITICAL - 2025-02-17 13:22:31 --> View themes, no current section.
#0 C:\xampp\htdocs\prueba\app\Views\panel\dashboard.php(8): CodeIgniter\View\View->endSection()
#1 C:\xampp\htdocs\prueba\vendor\codeigniter4\framework\system\View\View.php(210): include('C:\\xampp\\htdocs...')
#2 C:\xampp\htdocs\prueba\vendor\codeigniter4\framework\system\View\View.php(213): CodeIgniter\View\View->CodeIgniter\View\{closure}()
#3 C:\xampp\htdocs\prueba\vendor\codeigniter4\framework\system\Common.php(1089): CodeIgniter\View\View->render('panel/dashboard', Array, true)
#4 C:\xampp\htdocs\prueba\app\Controllers\Panel\Dashboard.php(20): view('panel/dashboard', Array)
#5 C:\xampp\htdocs\prueba\app\Controllers\Panel\Dashboard.php(26): App\Controllers\Panel\Dashboard->make_view('panel/dashboard', Array)
#6 C:\xampp\htdocs\prueba\vendor\codeigniter4\framework\system\CodeIgniter.php(832): App\Controllers\Panel\Dashboard->index()
#7 C:\xampp\htdocs\prueba\vendor\codeigniter4\framework\system\CodeIgniter.php(419): CodeIgniter\CodeIgniter->runController(Object(App\Controllers\Panel\Dashboard))
#8 C:\xampp\htdocs\prueba\vendor\codeigniter4\framework\system\CodeIgniter.php(326): CodeIgniter\CodeIgniter->handleRequest(NULL, Object(Config\Cache), false)
#9 C:\xampp\htdocs\prueba\public\index.php(37): CodeIgniter\CodeIgniter->run()
#10 C:\xampp\htdocs\prueba\vendor\codeigniter4\framework\system\Commands\Server\rewrite.php(43): require_once('C:\\xampp\\htdocs...')
#11 {main}
CRITICAL - 2025-02-17 13:23:49 --> View themes, no current section.
#0 C:\xampp\htdocs\prueba\app\Views\panel\dashboard.php(8): CodeIgniter\View\View->endSection()
#1 C:\xampp\htdocs\prueba\vendor\codeigniter4\framework\system\View\View.php(210): include('C:\\xampp\\htdocs...')
#2 C:\xampp\htdocs\prueba\vendor\codeigniter4\framework\system\View\View.php(213): CodeIgniter\View\View->CodeIgniter\View\{closure}()
#3 C:\xampp\htdocs\prueba\vendor\codeigniter4\framework\system\Common.php(1089): CodeIgniter\View\View->render('panel/dashboard', Array, true)
#4 C:\xampp\htdocs\prueba\app\Controllers\Panel\Dashboard.php(20): view('panel/dashboard', Array)
#5 C:\xampp\htdocs\prueba\app\Controllers\Panel\Dashboard.php(26): App\Controllers\Panel\Dashboard->make_view('panel/dashboard', Array)
#6 C:\xampp\htdocs\prueba\vendor\codeigniter4\framework\system\CodeIgniter.php(832): App\Controllers\Panel\Dashboard->index()
#7 C:\xampp\htdocs\prueba\vendor\codeigniter4\framework\system\CodeIgniter.php(419): CodeIgniter\CodeIgniter->runController(Object(App\Controllers\Panel\Dashboard))
#8 C:\xampp\htdocs\prueba\vendor\codeigniter4\framework\system\CodeIgniter.php(326): CodeIgniter\CodeIgniter->handleRequest(NULL, Object(Config\Cache), false)
#9 C:\xampp\htdocs\prueba\public\index.php(37): CodeIgniter\CodeIgniter->run()
#10 C:\xampp\htdocs\prueba\vendor\codeigniter4\framework\system\Commands\Server\rewrite.php(43): require_once('C:\\xampp\\htdocs...')
#11 {main}
