ERROR - 2025-03-05 16:59:53 --> Error connecting to the database: Access denied for user '****'@'localhost' (using password: YES)
CRITICAL - 2025-03-05 16:59:53 --> Unable to connect to the database.
Main connection [MySQLi]: Access denied for user '****'@'localhost' (using password: YES)
#0 C:\xampp\htdocs\Bienestar_Animal_Tlaxcala\vendor\codeigniter4\framework\system\Database\BaseConnection.php(577): CodeIgniter\Database\BaseConnection->initialize()
#1 C:\xampp\htdocs\Bienestar_Animal_Tlaxcala\vendor\codeigniter4\framework\system\Database\BaseBuilder.php(1455): CodeIgniter\Database\BaseConnection->query('SELECT *\nFROM `...', Array, false)
#2 C:\xampp\htdocs\Bienestar_Animal_Tlaxcala\vendor\codeigniter4\framework\system\Model.php(210): CodeIgniter\Database\BaseBuilder->get()
#3 C:\xampp\htdocs\Bienestar_Animal_Tlaxcala\vendor\codeigniter4\framework\system\BaseModel.php(622): CodeIgniter\Model->doFirst()
#4 C:\xampp\htdocs\Bienestar_Animal_Tlaxcala\app\Controllers\Usuario\Login.php(38): CodeIgniter\BaseModel->first()
#5 C:\xampp\htdocs\Bienestar_Animal_Tlaxcala\vendor\codeigniter4\framework\system\CodeIgniter.php(832): App\Controllers\Usuario\Login->validar_usuario()
#6 C:\xampp\htdocs\Bienestar_Animal_Tlaxcala\vendor\codeigniter4\framework\system\CodeIgniter.php(419): CodeIgniter\CodeIgniter->runController(Object(App\Controllers\Usuario\Login))
#7 C:\xampp\htdocs\Bienestar_Animal_Tlaxcala\vendor\codeigniter4\framework\system\CodeIgniter.php(326): CodeIgniter\CodeIgniter->handleRequest(NULL, Object(Config\Cache), false)
#8 C:\xampp\htdocs\Bienestar_Animal_Tlaxcala\public\index.php(37): CodeIgniter\CodeIgniter->run()
#9 C:\xampp\htdocs\Bienestar_Animal_Tlaxcala\vendor\codeigniter4\framework\system\Commands\Server\rewrite.php(43): require_once('C:\\xampp\\htdocs...')
#10 {main}
ERROR - 2025-03-05 17:00:40 --> Error connecting to the database: Access denied for user '****'@'localhost' (using password: YES)
CRITICAL - 2025-03-05 17:00:40 --> Unable to connect to the database.
Main connection [MySQLi]: Access denied for user '****'@'localhost' (using password: YES)
#0 C:\xampp\htdocs\Bienestar_Animal_Tlaxcala\vendor\codeigniter4\framework\system\Database\BaseConnection.php(577): CodeIgniter\Database\BaseConnection->initialize()
#1 C:\xampp\htdocs\Bienestar_Animal_Tlaxcala\vendor\codeigniter4\framework\system\Database\BaseBuilder.php(1455): CodeIgniter\Database\BaseConnection->query('SELECT *\nFROM `...', Array, false)
#2 C:\xampp\htdocs\Bienestar_Animal_Tlaxcala\vendor\codeigniter4\framework\system\Model.php(210): CodeIgniter\Database\BaseBuilder->get()
#3 C:\xampp\htdocs\Bienestar_Animal_Tlaxcala\vendor\codeigniter4\framework\system\BaseModel.php(622): CodeIgniter\Model->doFirst()
#4 C:\xampp\htdocs\Bienestar_Animal_Tlaxcala\app\Controllers\Usuario\Login.php(38): CodeIgniter\BaseModel->first()
#5 C:\xampp\htdocs\Bienestar_Animal_Tlaxcala\vendor\codeigniter4\framework\system\CodeIgniter.php(832): App\Controllers\Usuario\Login->validar_usuario()
#6 C:\xampp\htdocs\Bienestar_Animal_Tlaxcala\vendor\codeigniter4\framework\system\CodeIgniter.php(419): CodeIgniter\CodeIgniter->runController(Object(App\Controllers\Usuario\Login))
#7 C:\xampp\htdocs\Bienestar_Animal_Tlaxcala\vendor\codeigniter4\framework\system\CodeIgniter.php(326): CodeIgniter\CodeIgniter->handleRequest(NULL, Object(Config\Cache), false)
#8 C:\xampp\htdocs\Bienestar_Animal_Tlaxcala\public\index.php(37): CodeIgniter\CodeIgniter->run()
#9 C:\xampp\htdocs\Bienestar_Animal_Tlaxcala\vendor\codeigniter4\framework\system\Commands\Server\rewrite.php(43): require_once('C:\\xampp\\htdocs...')
#10 {main}
CRITICAL - 2025-03-05 17:07:36 --> Call to undefined method App\Models\Tabla_usuarios::login
#0 C:\xampp\htdocs\Bienestar_Animal_Tlaxcala\app\Controllers\Usuario\Login.php(37): CodeIgniter\Model->__call('login', Array)
#1 C:\xampp\htdocs\Bienestar_Animal_Tlaxcala\vendor\codeigniter4\framework\system\CodeIgniter.php(832): App\Controllers\Usuario\Login->validar_usuario()
#2 C:\xampp\htdocs\Bienestar_Animal_Tlaxcala\vendor\codeigniter4\framework\system\CodeIgniter.php(419): CodeIgniter\CodeIgniter->runController(Object(App\Controllers\Usuario\Login))
#3 C:\xampp\htdocs\Bienestar_Animal_Tlaxcala\vendor\codeigniter4\framework\system\CodeIgniter.php(326): CodeIgniter\CodeIgniter->handleRequest(NULL, Object(Config\Cache), false)
#4 C:\xampp\htdocs\Bienestar_Animal_Tlaxcala\public\index.php(37): CodeIgniter\CodeIgniter->run()
#5 C:\xampp\htdocs\Bienestar_Animal_Tlaxcala\vendor\codeigniter4\framework\system\Commands\Server\rewrite.php(43): require_once('C:\\xampp\\htdocs...')
#6 {main}
CRITICAL - 2025-03-05 17:08:09 --> Call to undefined method App\Models\Tabla_usuarios::login
#0 C:\xampp\htdocs\Bienestar_Animal_Tlaxcala\app\Controllers\Usuario\Login.php(37): CodeIgniter\Model->__call('login', Array)
#1 C:\xampp\htdocs\Bienestar_Animal_Tlaxcala\vendor\codeigniter4\framework\system\CodeIgniter.php(832): App\Controllers\Usuario\Login->validar_usuario()
#2 C:\xampp\htdocs\Bienestar_Animal_Tlaxcala\vendor\codeigniter4\framework\system\CodeIgniter.php(419): CodeIgniter\CodeIgniter->runController(Object(App\Controllers\Usuario\Login))
#3 C:\xampp\htdocs\Bienestar_Animal_Tlaxcala\vendor\codeigniter4\framework\system\CodeIgniter.php(326): CodeIgniter\CodeIgniter->handleRequest(NULL, Object(Config\Cache), false)
#4 C:\xampp\htdocs\Bienestar_Animal_Tlaxcala\public\index.php(37): CodeIgniter\CodeIgniter->run()
#5 C:\xampp\htdocs\Bienestar_Animal_Tlaxcala\vendor\codeigniter4\framework\system\Commands\Server\rewrite.php(43): require_once('C:\\xampp\\htdocs...')
#6 {main}
CRITICAL - 2025-03-05 17:08:12 --> Call to undefined method App\Models\Tabla_usuarios::login
#0 C:\xampp\htdocs\Bienestar_Animal_Tlaxcala\app\Controllers\Usuario\Login.php(37): CodeIgniter\Model->__call('login', Array)
#1 C:\xampp\htdocs\Bienestar_Animal_Tlaxcala\vendor\codeigniter4\framework\system\CodeIgniter.php(832): App\Controllers\Usuario\Login->validar_usuario()
#2 C:\xampp\htdocs\Bienestar_Animal_Tlaxcala\vendor\codeigniter4\framework\system\CodeIgniter.php(419): CodeIgniter\CodeIgniter->runController(Object(App\Controllers\Usuario\Login))
#3 C:\xampp\htdocs\Bienestar_Animal_Tlaxcala\vendor\codeigniter4\framework\system\CodeIgniter.php(326): CodeIgniter\CodeIgniter->handleRequest(NULL, Object(Config\Cache), false)
#4 C:\xampp\htdocs\Bienestar_Animal_Tlaxcala\public\index.php(37): CodeIgniter\CodeIgniter->run()
#5 C:\xampp\htdocs\Bienestar_Animal_Tlaxcala\vendor\codeigniter4\framework\system\Commands\Server\rewrite.php(43): require_once('C:\\xampp\\htdocs...')
#6 {main}
CRITICAL - 2025-03-05 17:10:15 --> Call to undefined method App\Models\Tabla_usuarios::login
#0 C:\xampp\htdocs\Bienestar_Animal_Tlaxcala\app\Controllers\Usuario\Login.php(37): CodeIgniter\Model->__call('login', Array)
#1 C:\xampp\htdocs\Bienestar_Animal_Tlaxcala\vendor\codeigniter4\framework\system\CodeIgniter.php(832): App\Controllers\Usuario\Login->validar_usuario()
#2 C:\xampp\htdocs\Bienestar_Animal_Tlaxcala\vendor\codeigniter4\framework\system\CodeIgniter.php(419): CodeIgniter\CodeIgniter->runController(Object(App\Controllers\Usuario\Login))
#3 C:\xampp\htdocs\Bienestar_Animal_Tlaxcala\vendor\codeigniter4\framework\system\CodeIgniter.php(326): CodeIgniter\CodeIgniter->handleRequest(NULL, Object(Config\Cache), false)
#4 C:\xampp\htdocs\Bienestar_Animal_Tlaxcala\public\index.php(37): CodeIgniter\CodeIgniter->run()
#5 C:\xampp\htdocs\Bienestar_Animal_Tlaxcala\vendor\codeigniter4\framework\system\Commands\Server\rewrite.php(43): require_once('C:\\xampp\\htdocs...')
#6 {main}
CRITICAL - 2025-03-05 17:10:20 --> Call to undefined method App\Models\Tabla_usuarios::login
#0 C:\xampp\htdocs\Bienestar_Animal_Tlaxcala\app\Controllers\Usuario\Login.php(37): CodeIgniter\Model->__call('login', Array)
#1 C:\xampp\htdocs\Bienestar_Animal_Tlaxcala\vendor\codeigniter4\framework\system\CodeIgniter.php(832): App\Controllers\Usuario\Login->validar_usuario()
#2 C:\xampp\htdocs\Bienestar_Animal_Tlaxcala\vendor\codeigniter4\framework\system\CodeIgniter.php(419): CodeIgniter\CodeIgniter->runController(Object(App\Controllers\Usuario\Login))
#3 C:\xampp\htdocs\Bienestar_Animal_Tlaxcala\vendor\codeigniter4\framework\system\CodeIgniter.php(326): CodeIgniter\CodeIgniter->handleRequest(NULL, Object(Config\Cache), false)
#4 C:\xampp\htdocs\Bienestar_Animal_Tlaxcala\public\index.php(37): CodeIgniter\CodeIgniter->run()
#5 C:\xampp\htdocs\Bienestar_Animal_Tlaxcala\vendor\codeigniter4\framework\system\Commands\Server\rewrite.php(43): require_once('C:\\xampp\\htdocs...')
#6 {main}
CRITICAL - 2025-03-05 17:11:01 --> Call to undefined method App\Models\Tabla_usuarios::login
#0 C:\xampp\htdocs\Bienestar_Animal_Tlaxcala\app\Controllers\Usuario\Login.php(37): CodeIgniter\Model->__call('login', Array)
#1 C:\xampp\htdocs\Bienestar_Animal_Tlaxcala\vendor\codeigniter4\framework\system\CodeIgniter.php(832): App\Controllers\Usuario\Login->validar_usuario()
#2 C:\xampp\htdocs\Bienestar_Animal_Tlaxcala\vendor\codeigniter4\framework\system\CodeIgniter.php(419): CodeIgniter\CodeIgniter->runController(Object(App\Controllers\Usuario\Login))
#3 C:\xampp\htdocs\Bienestar_Animal_Tlaxcala\vendor\codeigniter4\framework\system\CodeIgniter.php(326): CodeIgniter\CodeIgniter->handleRequest(NULL, Object(Config\Cache), false)
#4 C:\xampp\htdocs\Bienestar_Animal_Tlaxcala\public\index.php(37): CodeIgniter\CodeIgniter->run()
#5 C:\xampp\htdocs\Bienestar_Animal_Tlaxcala\vendor\codeigniter4\framework\system\Commands\Server\rewrite.php(43): require_once('C:\\xampp\\htdocs...')
#6 {main}
ERROR - 2025-03-05 17:12:09 --> Error connecting to the database: Access denied for user '****'@'localhost' (using password: YES)
CRITICAL - 2025-03-05 17:12:09 --> Unable to connect to the database.
Main connection [MySQLi]: Access denied for user '****'@'localhost' (using password: YES)
#0 C:\xampp\htdocs\Bienestar_Animal_Tlaxcala\vendor\codeigniter4\framework\system\Database\BaseConnection.php(577): CodeIgniter\Database\BaseConnection->initialize()
#1 C:\xampp\htdocs\Bienestar_Animal_Tlaxcala\vendor\codeigniter4\framework\system\Database\BaseBuilder.php(1455): CodeIgniter\Database\BaseConnection->query('SELECT CONCAT(u...', Array, false)
#2 C:\xampp\htdocs\Bienestar_Animal_Tlaxcala\vendor\codeigniter4\framework\system\Model.php(210): CodeIgniter\Database\BaseBuilder->get()
#3 C:\xampp\htdocs\Bienestar_Animal_Tlaxcala\vendor\codeigniter4\framework\system\BaseModel.php(622): CodeIgniter\Model->doFirst()
#4 C:\xampp\htdocs\Bienestar_Animal_Tlaxcala\app\Models\Tabla_usuarios.php(69): CodeIgniter\BaseModel->first()
#5 C:\xampp\htdocs\Bienestar_Animal_Tlaxcala\app\Controllers\Usuario\Login.php(37): App\Models\Tabla_usuarios->loginUsuario('userci@example....', 'e3b0c44298fc1c1...')
#6 C:\xampp\htdocs\Bienestar_Animal_Tlaxcala\vendor\codeigniter4\framework\system\CodeIgniter.php(832): App\Controllers\Usuario\Login->validar_usuario()
#7 C:\xampp\htdocs\Bienestar_Animal_Tlaxcala\vendor\codeigniter4\framework\system\CodeIgniter.php(419): CodeIgniter\CodeIgniter->runController(Object(App\Controllers\Usuario\Login))
#8 C:\xampp\htdocs\Bienestar_Animal_Tlaxcala\vendor\codeigniter4\framework\system\CodeIgniter.php(326): CodeIgniter\CodeIgniter->handleRequest(NULL, Object(Config\Cache), false)
#9 C:\xampp\htdocs\Bienestar_Animal_Tlaxcala\public\index.php(37): CodeIgniter\CodeIgniter->run()
#10 C:\xampp\htdocs\Bienestar_Animal_Tlaxcala\vendor\codeigniter4\framework\system\Commands\Server\rewrite.php(43): require_once('C:\\xampp\\htdocs...')
#11 {main}
ERROR - 2025-03-05 17:13:16 --> Unknown column 'u.nombre_usuario' in 'field list'
CRITICAL - 2025-03-05 17:13:16 --> Unknown column 'u.nombre_usuario' in 'field list'
#0 C:\xampp\htdocs\Bienestar_Animal_Tlaxcala\vendor\codeigniter4\framework\system\Database\MySQLi\Connection.php(292): mysqli->query('SELECT CONCAT(u...', 0)
#1 C:\xampp\htdocs\Bienestar_Animal_Tlaxcala\vendor\codeigniter4\framework\system\Database\BaseConnection.php(670): CodeIgniter\Database\MySQLi\Connection->execute('SELECT CONCAT(u...')
#2 C:\xampp\htdocs\Bienestar_Animal_Tlaxcala\vendor\codeigniter4\framework\system\Database\BaseConnection.php(598): CodeIgniter\Database\BaseConnection->simpleQuery('SELECT CONCAT(u...')
#3 C:\xampp\htdocs\Bienestar_Animal_Tlaxcala\vendor\codeigniter4\framework\system\Database\BaseBuilder.php(1455): CodeIgniter\Database\BaseConnection->query('SELECT CONCAT(u...', Array, false)
#4 C:\xampp\htdocs\Bienestar_Animal_Tlaxcala\vendor\codeigniter4\framework\system\Model.php(210): CodeIgniter\Database\BaseBuilder->get()
#5 C:\xampp\htdocs\Bienestar_Animal_Tlaxcala\vendor\codeigniter4\framework\system\BaseModel.php(622): CodeIgniter\Model->doFirst()
#6 C:\xampp\htdocs\Bienestar_Animal_Tlaxcala\app\Models\Tabla_usuarios.php(69): CodeIgniter\BaseModel->first()
#7 C:\xampp\htdocs\Bienestar_Animal_Tlaxcala\app\Controllers\Usuario\Login.php(37): App\Models\Tabla_usuarios->loginUsuario('userci@example....', 'e3b0c44298fc1c1...')
#8 C:\xampp\htdocs\Bienestar_Animal_Tlaxcala\vendor\codeigniter4\framework\system\CodeIgniter.php(832): App\Controllers\Usuario\Login->validar_usuario()
#9 C:\xampp\htdocs\Bienestar_Animal_Tlaxcala\vendor\codeigniter4\framework\system\CodeIgniter.php(419): CodeIgniter\CodeIgniter->runController(Object(App\Controllers\Usuario\Login))
#10 C:\xampp\htdocs\Bienestar_Animal_Tlaxcala\vendor\codeigniter4\framework\system\CodeIgniter.php(326): CodeIgniter\CodeIgniter->handleRequest(NULL, Object(Config\Cache), false)
#11 C:\xampp\htdocs\Bienestar_Animal_Tlaxcala\public\index.php(37): CodeIgniter\CodeIgniter->run()
#12 C:\xampp\htdocs\Bienestar_Animal_Tlaxcala\vendor\codeigniter4\framework\system\Commands\Server\rewrite.php(43): require_once('C:\\xampp\\htdocs...')
#13 {main}
ERROR - 2025-03-05 17:15:19 --> Unknown column 'u.nombre_usuario' in 'field list'
CRITICAL - 2025-03-05 17:15:19 --> Unknown column 'u.nombre_usuario' in 'field list'
#0 C:\xampp\htdocs\Bienestar_Animal_Tlaxcala\vendor\codeigniter4\framework\system\Database\MySQLi\Connection.php(292): mysqli->query('SELECT CONCAT(u...', 0)
#1 C:\xampp\htdocs\Bienestar_Animal_Tlaxcala\vendor\codeigniter4\framework\system\Database\BaseConnection.php(670): CodeIgniter\Database\MySQLi\Connection->execute('SELECT CONCAT(u...')
#2 C:\xampp\htdocs\Bienestar_Animal_Tlaxcala\vendor\codeigniter4\framework\system\Database\BaseConnection.php(598): CodeIgniter\Database\BaseConnection->simpleQuery('SELECT CONCAT(u...')
#3 C:\xampp\htdocs\Bienestar_Animal_Tlaxcala\vendor\codeigniter4\framework\system\Database\BaseBuilder.php(1455): CodeIgniter\Database\BaseConnection->query('SELECT CONCAT(u...', Array, false)
#4 C:\xampp\htdocs\Bienestar_Animal_Tlaxcala\vendor\codeigniter4\framework\system\Model.php(210): CodeIgniter\Database\BaseBuilder->get()
#5 C:\xampp\htdocs\Bienestar_Animal_Tlaxcala\vendor\codeigniter4\framework\system\BaseModel.php(622): CodeIgniter\Model->doFirst()
#6 C:\xampp\htdocs\Bienestar_Animal_Tlaxcala\app\Models\Tabla_usuarios.php(69): CodeIgniter\BaseModel->first()
#7 C:\xampp\htdocs\Bienestar_Animal_Tlaxcala\app\Controllers\Usuario\Login.php(37): App\Models\Tabla_usuarios->loginUsuario('userci@example....', 'e3b0c44298fc1c1...')
#8 C:\xampp\htdocs\Bienestar_Animal_Tlaxcala\vendor\codeigniter4\framework\system\CodeIgniter.php(832): App\Controllers\Usuario\Login->validar_usuario()
#9 C:\xampp\htdocs\Bienestar_Animal_Tlaxcala\vendor\codeigniter4\framework\system\CodeIgniter.php(419): CodeIgniter\CodeIgniter->runController(Object(App\Controllers\Usuario\Login))
#10 C:\xampp\htdocs\Bienestar_Animal_Tlaxcala\vendor\codeigniter4\framework\system\CodeIgniter.php(326): CodeIgniter\CodeIgniter->handleRequest(NULL, Object(Config\Cache), false)
#11 C:\xampp\htdocs\Bienestar_Animal_Tlaxcala\public\index.php(37): CodeIgniter\CodeIgniter->run()
#12 C:\xampp\htdocs\Bienestar_Animal_Tlaxcala\vendor\codeigniter4\framework\system\Commands\Server\rewrite.php(43): require_once('C:\\xampp\\htdocs...')
#13 {main}
ERROR - 2025-03-05 17:19:57 --> Unknown column 'u.nombre_usuario' in 'field list'
CRITICAL - 2025-03-05 17:19:57 --> Unknown column 'u.nombre_usuario' in 'field list'
#0 C:\xampp\htdocs\Bienestar_Animal_Tlaxcala\vendor\codeigniter4\framework\system\Database\MySQLi\Connection.php(292): mysqli->query('SELECT CONCAT(u...', 0)
#1 C:\xampp\htdocs\Bienestar_Animal_Tlaxcala\vendor\codeigniter4\framework\system\Database\BaseConnection.php(670): CodeIgniter\Database\MySQLi\Connection->execute('SELECT CONCAT(u...')
#2 C:\xampp\htdocs\Bienestar_Animal_Tlaxcala\vendor\codeigniter4\framework\system\Database\BaseConnection.php(598): CodeIgniter\Database\BaseConnection->simpleQuery('SELECT CONCAT(u...')
#3 C:\xampp\htdocs\Bienestar_Animal_Tlaxcala\vendor\codeigniter4\framework\system\Database\BaseBuilder.php(1455): CodeIgniter\Database\BaseConnection->query('SELECT CONCAT(u...', Array, false)
#4 C:\xampp\htdocs\Bienestar_Animal_Tlaxcala\vendor\codeigniter4\framework\system\Model.php(210): CodeIgniter\Database\BaseBuilder->get()
#5 C:\xampp\htdocs\Bienestar_Animal_Tlaxcala\vendor\codeigniter4\framework\system\BaseModel.php(622): CodeIgniter\Model->doFirst()
#6 C:\xampp\htdocs\Bienestar_Animal_Tlaxcala\app\Models\Tabla_usuarios.php(69): CodeIgniter\BaseModel->first()
#7 C:\xampp\htdocs\Bienestar_Animal_Tlaxcala\app\Controllers\Usuario\Login.php(37): App\Models\Tabla_usuarios->loginUsuario('userci@example....', 'e3b0c44298fc1c1...')
#8 C:\xampp\htdocs\Bienestar_Animal_Tlaxcala\vendor\codeigniter4\framework\system\CodeIgniter.php(832): App\Controllers\Usuario\Login->validar_usuario()
#9 C:\xampp\htdocs\Bienestar_Animal_Tlaxcala\vendor\codeigniter4\framework\system\CodeIgniter.php(419): CodeIgniter\CodeIgniter->runController(Object(App\Controllers\Usuario\Login))
#10 C:\xampp\htdocs\Bienestar_Animal_Tlaxcala\vendor\codeigniter4\framework\system\CodeIgniter.php(326): CodeIgniter\CodeIgniter->handleRequest(NULL, Object(Config\Cache), false)
#11 C:\xampp\htdocs\Bienestar_Animal_Tlaxcala\public\index.php(37): CodeIgniter\CodeIgniter->run()
#12 C:\xampp\htdocs\Bienestar_Animal_Tlaxcala\vendor\codeigniter4\framework\system\Commands\Server\rewrite.php(43): require_once('C:\\xampp\\htdocs...')
#13 {main}
ERROR - 2025-03-05 17:21:59 --> Unknown column 'u.nombre_usuario' in 'field list'
CRITICAL - 2025-03-05 17:21:59 --> Unknown column 'u.nombre_usuario' in 'field list'
#0 C:\xampp\htdocs\Bienestar_Animal_Tlaxcala\vendor\codeigniter4\framework\system\Database\MySQLi\Connection.php(292): mysqli->query('SELECT CONCAT(u...', 0)
#1 C:\xampp\htdocs\Bienestar_Animal_Tlaxcala\vendor\codeigniter4\framework\system\Database\BaseConnection.php(670): CodeIgniter\Database\MySQLi\Connection->execute('SELECT CONCAT(u...')
#2 C:\xampp\htdocs\Bienestar_Animal_Tlaxcala\vendor\codeigniter4\framework\system\Database\BaseConnection.php(598): CodeIgniter\Database\BaseConnection->simpleQuery('SELECT CONCAT(u...')
#3 C:\xampp\htdocs\Bienestar_Animal_Tlaxcala\vendor\codeigniter4\framework\system\Database\BaseBuilder.php(1455): CodeIgniter\Database\BaseConnection->query('SELECT CONCAT(u...', Array, false)
#4 C:\xampp\htdocs\Bienestar_Animal_Tlaxcala\vendor\codeigniter4\framework\system\Model.php(210): CodeIgniter\Database\BaseBuilder->get()
#5 C:\xampp\htdocs\Bienestar_Animal_Tlaxcala\vendor\codeigniter4\framework\system\BaseModel.php(622): CodeIgniter\Model->doFirst()
#6 C:\xampp\htdocs\Bienestar_Animal_Tlaxcala\app\Models\Tabla_usuarios.php(69): CodeIgniter\BaseModel->first()
#7 C:\xampp\htdocs\Bienestar_Animal_Tlaxcala\app\Controllers\Usuario\Login.php(37): App\Models\Tabla_usuarios->loginUsuario('userci@example....', 'c1e2bc032dc2d0b...')
#8 C:\xampp\htdocs\Bienestar_Animal_Tlaxcala\vendor\codeigniter4\framework\system\CodeIgniter.php(832): App\Controllers\Usuario\Login->validar_usuario()
#9 C:\xampp\htdocs\Bienestar_Animal_Tlaxcala\vendor\codeigniter4\framework\system\CodeIgniter.php(419): CodeIgniter\CodeIgniter->runController(Object(App\Controllers\Usuario\Login))
#10 C:\xampp\htdocs\Bienestar_Animal_Tlaxcala\vendor\codeigniter4\framework\system\CodeIgniter.php(326): CodeIgniter\CodeIgniter->handleRequest(NULL, Object(Config\Cache), false)
#11 C:\xampp\htdocs\Bienestar_Animal_Tlaxcala\public\index.php(37): CodeIgniter\CodeIgniter->run()
#12 C:\xampp\htdocs\Bienestar_Animal_Tlaxcala\vendor\codeigniter4\framework\system\Commands\Server\rewrite.php(43): require_once('C:\\xampp\\htdocs...')
#13 {main}
ERROR - 2025-03-05 17:22:03 --> Unknown column 'u.nombre_usuario' in 'field list'
CRITICAL - 2025-03-05 17:22:03 --> Unknown column 'u.nombre_usuario' in 'field list'
#0 C:\xampp\htdocs\Bienestar_Animal_Tlaxcala\vendor\codeigniter4\framework\system\Database\MySQLi\Connection.php(292): mysqli->query('SELECT CONCAT(u...', 0)
#1 C:\xampp\htdocs\Bienestar_Animal_Tlaxcala\vendor\codeigniter4\framework\system\Database\BaseConnection.php(670): CodeIgniter\Database\MySQLi\Connection->execute('SELECT CONCAT(u...')
#2 C:\xampp\htdocs\Bienestar_Animal_Tlaxcala\vendor\codeigniter4\framework\system\Database\BaseConnection.php(598): CodeIgniter\Database\BaseConnection->simpleQuery('SELECT CONCAT(u...')
#3 C:\xampp\htdocs\Bienestar_Animal_Tlaxcala\vendor\codeigniter4\framework\system\Database\BaseBuilder.php(1455): CodeIgniter\Database\BaseConnection->query('SELECT CONCAT(u...', Array, false)
#4 C:\xampp\htdocs\Bienestar_Animal_Tlaxcala\vendor\codeigniter4\framework\system\Model.php(210): CodeIgniter\Database\BaseBuilder->get()
#5 C:\xampp\htdocs\Bienestar_Animal_Tlaxcala\vendor\codeigniter4\framework\system\BaseModel.php(622): CodeIgniter\Model->doFirst()
#6 C:\xampp\htdocs\Bienestar_Animal_Tlaxcala\app\Models\Tabla_usuarios.php(69): CodeIgniter\BaseModel->first()
#7 C:\xampp\htdocs\Bienestar_Animal_Tlaxcala\app\Controllers\Usuario\Login.php(37): App\Models\Tabla_usuarios->loginUsuario('userci@example....', 'c1e2bc032dc2d0b...')
#8 C:\xampp\htdocs\Bienestar_Animal_Tlaxcala\vendor\codeigniter4\framework\system\CodeIgniter.php(832): App\Controllers\Usuario\Login->validar_usuario()
#9 C:\xampp\htdocs\Bienestar_Animal_Tlaxcala\vendor\codeigniter4\framework\system\CodeIgniter.php(419): CodeIgniter\CodeIgniter->runController(Object(App\Controllers\Usuario\Login))
#10 C:\xampp\htdocs\Bienestar_Animal_Tlaxcala\vendor\codeigniter4\framework\system\CodeIgniter.php(326): CodeIgniter\CodeIgniter->handleRequest(NULL, Object(Config\Cache), false)
#11 C:\xampp\htdocs\Bienestar_Animal_Tlaxcala\public\index.php(37): CodeIgniter\CodeIgniter->run()
#12 C:\xampp\htdocs\Bienestar_Animal_Tlaxcala\vendor\codeigniter4\framework\system\Commands\Server\rewrite.php(43): require_once('C:\\xampp\\htdocs...')
#13 {main}
ERROR - 2025-03-05 17:22:09 --> Unknown column 'u.nombre_usuario' in 'field list'
CRITICAL - 2025-03-05 17:22:09 --> Unknown column 'u.nombre_usuario' in 'field list'
#0 C:\xampp\htdocs\Bienestar_Animal_Tlaxcala\vendor\codeigniter4\framework\system\Database\MySQLi\Connection.php(292): mysqli->query('SELECT CONCAT(u...', 0)
#1 C:\xampp\htdocs\Bienestar_Animal_Tlaxcala\vendor\codeigniter4\framework\system\Database\BaseConnection.php(670): CodeIgniter\Database\MySQLi\Connection->execute('SELECT CONCAT(u...')
#2 C:\xampp\htdocs\Bienestar_Animal_Tlaxcala\vendor\codeigniter4\framework\system\Database\BaseConnection.php(598): CodeIgniter\Database\BaseConnection->simpleQuery('SELECT CONCAT(u...')
#3 C:\xampp\htdocs\Bienestar_Animal_Tlaxcala\vendor\codeigniter4\framework\system\Database\BaseBuilder.php(1455): CodeIgniter\Database\BaseConnection->query('SELECT CONCAT(u...', Array, false)
#4 C:\xampp\htdocs\Bienestar_Animal_Tlaxcala\vendor\codeigniter4\framework\system\Model.php(210): CodeIgniter\Database\BaseBuilder->get()
#5 C:\xampp\htdocs\Bienestar_Animal_Tlaxcala\vendor\codeigniter4\framework\system\BaseModel.php(622): CodeIgniter\Model->doFirst()
#6 C:\xampp\htdocs\Bienestar_Animal_Tlaxcala\app\Models\Tabla_usuarios.php(69): CodeIgniter\BaseModel->first()
#7 C:\xampp\htdocs\Bienestar_Animal_Tlaxcala\app\Controllers\Usuario\Login.php(37): App\Models\Tabla_usuarios->loginUsuario('superadmin@prod...', 'e34f92a20532a87...')
#8 C:\xampp\htdocs\Bienestar_Animal_Tlaxcala\vendor\codeigniter4\framework\system\CodeIgniter.php(832): App\Controllers\Usuario\Login->validar_usuario()
#9 C:\xampp\htdocs\Bienestar_Animal_Tlaxcala\vendor\codeigniter4\framework\system\CodeIgniter.php(419): CodeIgniter\CodeIgniter->runController(Object(App\Controllers\Usuario\Login))
#10 C:\xampp\htdocs\Bienestar_Animal_Tlaxcala\vendor\codeigniter4\framework\system\CodeIgniter.php(326): CodeIgniter\CodeIgniter->handleRequest(NULL, Object(Config\Cache), false)
#11 C:\xampp\htdocs\Bienestar_Animal_Tlaxcala\public\index.php(37): CodeIgniter\CodeIgniter->run()
#12 C:\xampp\htdocs\Bienestar_Animal_Tlaxcala\vendor\codeigniter4\framework\system\Commands\Server\rewrite.php(43): require_once('C:\\xampp\\htdocs...')
#13 {main}
ERROR - 2025-03-05 17:23:25 --> Unknown column 'u.nombre_usuario' in 'field list'
CRITICAL - 2025-03-05 17:23:25 --> Unknown column 'u.nombre_usuario' in 'field list'
#0 C:\xampp\htdocs\Bienestar_Animal_Tlaxcala\vendor\codeigniter4\framework\system\Database\MySQLi\Connection.php(292): mysqli->query('SELECT CONCAT(u...', 0)
#1 C:\xampp\htdocs\Bienestar_Animal_Tlaxcala\vendor\codeigniter4\framework\system\Database\BaseConnection.php(670): CodeIgniter\Database\MySQLi\Connection->execute('SELECT CONCAT(u...')
#2 C:\xampp\htdocs\Bienestar_Animal_Tlaxcala\vendor\codeigniter4\framework\system\Database\BaseConnection.php(598): CodeIgniter\Database\BaseConnection->simpleQuery('SELECT CONCAT(u...')
#3 C:\xampp\htdocs\Bienestar_Animal_Tlaxcala\vendor\codeigniter4\framework\system\Database\BaseBuilder.php(1455): CodeIgniter\Database\BaseConnection->query('SELECT CONCAT(u...', Array, false)
#4 C:\xampp\htdocs\Bienestar_Animal_Tlaxcala\vendor\codeigniter4\framework\system\Model.php(210): CodeIgniter\Database\BaseBuilder->get()
#5 C:\xampp\htdocs\Bienestar_Animal_Tlaxcala\vendor\codeigniter4\framework\system\BaseModel.php(622): CodeIgniter\Model->doFirst()
#6 C:\xampp\htdocs\Bienestar_Animal_Tlaxcala\app\Models\Tabla_usuarios.php(69): CodeIgniter\BaseModel->first()
#7 C:\xampp\htdocs\Bienestar_Animal_Tlaxcala\app\Controllers\Usuario\Login.php(37): App\Models\Tabla_usuarios->loginUsuario('superadmin@prod...', 'e34f92a20532a87...')
#8 C:\xampp\htdocs\Bienestar_Animal_Tlaxcala\vendor\codeigniter4\framework\system\CodeIgniter.php(832): App\Controllers\Usuario\Login->validar_usuario()
#9 C:\xampp\htdocs\Bienestar_Animal_Tlaxcala\vendor\codeigniter4\framework\system\CodeIgniter.php(419): CodeIgniter\CodeIgniter->runController(Object(App\Controllers\Usuario\Login))
#10 C:\xampp\htdocs\Bienestar_Animal_Tlaxcala\vendor\codeigniter4\framework\system\CodeIgniter.php(326): CodeIgniter\CodeIgniter->handleRequest(NULL, Object(Config\Cache), false)
#11 C:\xampp\htdocs\Bienestar_Animal_Tlaxcala\public\index.php(37): CodeIgniter\CodeIgniter->run()
#12 C:\xampp\htdocs\Bienestar_Animal_Tlaxcala\vendor\codeigniter4\framework\system\Commands\Server\rewrite.php(43): require_once('C:\\xampp\\htdocs...')
#13 {main}
CRITICAL - 2025-03-05 17:26:36 --> Class 'ooject' not found
#0 [internal function]: CodeIgniter\Debug\Exceptions->shutdownHandler()
#1 {main}
CRITICAL - 2025-03-05 17:42:09 --> Undefined property: stdClass::$estatus_usuario
#0 C:\xampp\htdocs\Bienestar_Animal_Tlaxcala\app\Controllers\Usuario\Login.php(40): CodeIgniter\Debug\Exceptions->errorHandler(8, 'Undefined prope...', 'C:\\xampp\\htdocs...', 40, Array)
#1 C:\xampp\htdocs\Bienestar_Animal_Tlaxcala\vendor\codeigniter4\framework\system\CodeIgniter.php(832): App\Controllers\Usuario\Login->validar_usuario()
#2 C:\xampp\htdocs\Bienestar_Animal_Tlaxcala\vendor\codeigniter4\framework\system\CodeIgniter.php(419): CodeIgniter\CodeIgniter->runController(Object(App\Controllers\Usuario\Login))
#3 C:\xampp\htdocs\Bienestar_Animal_Tlaxcala\vendor\codeigniter4\framework\system\CodeIgniter.php(326): CodeIgniter\CodeIgniter->handleRequest(NULL, Object(Config\Cache), false)
#4 C:\xampp\htdocs\Bienestar_Animal_Tlaxcala\public\index.php(37): CodeIgniter\CodeIgniter->run()
#5 C:\xampp\htdocs\Bienestar_Animal_Tlaxcala\vendor\codeigniter4\framework\system\Commands\Server\rewrite.php(43): require_once('C:\\xampp\\htdocs...')
#6 {main}
CRITICAL - 2025-03-05 18:00:00 --> Undefined property: stdClass::$id_usuario
#0 C:\xampp\htdocs\Bienestar_Animal_Tlaxcala\app\Controllers\Usuario\Login.php(45): CodeIgniter\Debug\Exceptions->errorHandler(8, 'Undefined prope...', 'C:\\xampp\\htdocs...', 45, Array)
#1 C:\xampp\htdocs\Bienestar_Animal_Tlaxcala\vendor\codeigniter4\framework\system\CodeIgniter.php(832): App\Controllers\Usuario\Login->validar_usuario()
#2 C:\xampp\htdocs\Bienestar_Animal_Tlaxcala\vendor\codeigniter4\framework\system\CodeIgniter.php(419): CodeIgniter\CodeIgniter->runController(Object(App\Controllers\Usuario\Login))
#3 C:\xampp\htdocs\Bienestar_Animal_Tlaxcala\vendor\codeigniter4\framework\system\CodeIgniter.php(326): CodeIgniter\CodeIgniter->handleRequest(NULL, Object(Config\Cache), false)
#4 C:\xampp\htdocs\Bienestar_Animal_Tlaxcala\public\index.php(37): CodeIgniter\CodeIgniter->run()
#5 C:\xampp\htdocs\Bienestar_Animal_Tlaxcala\vendor\codeigniter4\framework\system\Commands\Server\rewrite.php(43): require_once('C:\\xampp\\htdocs...')
#6 {main}
CRITICAL - 2025-03-05 18:00:43 --> Undefined property: stdClass::$usuario
#0 C:\xampp\htdocs\Bienestar_Animal_Tlaxcala\app\Controllers\Usuario\Login.php(46): CodeIgniter\Debug\Exceptions->errorHandler(8, 'Undefined prope...', 'C:\\xampp\\htdocs...', 46, Array)
#1 C:\xampp\htdocs\Bienestar_Animal_Tlaxcala\vendor\codeigniter4\framework\system\CodeIgniter.php(832): App\Controllers\Usuario\Login->validar_usuario()
#2 C:\xampp\htdocs\Bienestar_Animal_Tlaxcala\vendor\codeigniter4\framework\system\CodeIgniter.php(419): CodeIgniter\CodeIgniter->runController(Object(App\Controllers\Usuario\Login))
#3 C:\xampp\htdocs\Bienestar_Animal_Tlaxcala\vendor\codeigniter4\framework\system\CodeIgniter.php(326): CodeIgniter\CodeIgniter->handleRequest(NULL, Object(Config\Cache), false)
#4 C:\xampp\htdocs\Bienestar_Animal_Tlaxcala\public\index.php(37): CodeIgniter\CodeIgniter->run()
#5 C:\xampp\htdocs\Bienestar_Animal_Tlaxcala\vendor\codeigniter4\framework\system\Commands\Server\rewrite.php(43): require_once('C:\\xampp\\htdocs...')
#6 {main}
CRITICAL - 2025-03-05 18:01:11 --> Undefined property: stdClass::$usuario
#0 C:\xampp\htdocs\Bienestar_Animal_Tlaxcala\app\Controllers\Usuario\Login.php(46): CodeIgniter\Debug\Exceptions->errorHandler(8, 'Undefined prope...', 'C:\\xampp\\htdocs...', 46, Array)
#1 C:\xampp\htdocs\Bienestar_Animal_Tlaxcala\vendor\codeigniter4\framework\system\CodeIgniter.php(832): App\Controllers\Usuario\Login->validar_usuario()
#2 C:\xampp\htdocs\Bienestar_Animal_Tlaxcala\vendor\codeigniter4\framework\system\CodeIgniter.php(419): CodeIgniter\CodeIgniter->runController(Object(App\Controllers\Usuario\Login))
#3 C:\xampp\htdocs\Bienestar_Animal_Tlaxcala\vendor\codeigniter4\framework\system\CodeIgniter.php(326): CodeIgniter\CodeIgniter->handleRequest(NULL, Object(Config\Cache), false)
#4 C:\xampp\htdocs\Bienestar_Animal_Tlaxcala\public\index.php(37): CodeIgniter\CodeIgniter->run()
#5 C:\xampp\htdocs\Bienestar_Animal_Tlaxcala\vendor\codeigniter4\framework\system\Commands\Server\rewrite.php(43): require_once('C:\\xampp\\htdocs...')
#6 {main}
CRITICAL - 2025-03-05 18:01:14 --> Undefined property: stdClass::$usuario
#0 C:\xampp\htdocs\Bienestar_Animal_Tlaxcala\app\Controllers\Usuario\Login.php(46): CodeIgniter\Debug\Exceptions->errorHandler(8, 'Undefined prope...', 'C:\\xampp\\htdocs...', 46, Array)
#1 C:\xampp\htdocs\Bienestar_Animal_Tlaxcala\vendor\codeigniter4\framework\system\CodeIgniter.php(832): App\Controllers\Usuario\Login->validar_usuario()
#2 C:\xampp\htdocs\Bienestar_Animal_Tlaxcala\vendor\codeigniter4\framework\system\CodeIgniter.php(419): CodeIgniter\CodeIgniter->runController(Object(App\Controllers\Usuario\Login))
#3 C:\xampp\htdocs\Bienestar_Animal_Tlaxcala\vendor\codeigniter4\framework\system\CodeIgniter.php(326): CodeIgniter\CodeIgniter->handleRequest(NULL, Object(Config\Cache), false)
#4 C:\xampp\htdocs\Bienestar_Animal_Tlaxcala\public\index.php(37): CodeIgniter\CodeIgniter->run()
#5 C:\xampp\htdocs\Bienestar_Animal_Tlaxcala\vendor\codeigniter4\framework\system\Commands\Server\rewrite.php(43): require_once('C:\\xampp\\htdocs...')
#6 {main}
CRITICAL - 2025-03-05 18:10:24 --> Undefined property: stdClass::$usuario
#0 C:\xampp\htdocs\Bienestar_Animal_Tlaxcala\app\Controllers\Usuario\Login.php(49): CodeIgniter\Debug\Exceptions->errorHandler(8, 'Undefined prope...', 'C:\\xampp\\htdocs...', 49, Array)
#1 C:\xampp\htdocs\Bienestar_Animal_Tlaxcala\vendor\codeigniter4\framework\system\CodeIgniter.php(832): App\Controllers\Usuario\Login->validar_usuario()
#2 C:\xampp\htdocs\Bienestar_Animal_Tlaxcala\vendor\codeigniter4\framework\system\CodeIgniter.php(419): CodeIgniter\CodeIgniter->runController(Object(App\Controllers\Usuario\Login))
#3 C:\xampp\htdocs\Bienestar_Animal_Tlaxcala\vendor\codeigniter4\framework\system\CodeIgniter.php(326): CodeIgniter\CodeIgniter->handleRequest(NULL, Object(Config\Cache), false)
#4 C:\xampp\htdocs\Bienestar_Animal_Tlaxcala\public\index.php(37): CodeIgniter\CodeIgniter->run()
#5 C:\xampp\htdocs\Bienestar_Animal_Tlaxcala\vendor\codeigniter4\framework\system\Commands\Server\rewrite.php(43): require_once('C:\\xampp\\htdocs...')
#6 {main}
ERROR - 2025-03-05 18:11:37 --> Unknown column 'usuario.nombre_usuario' in 'field list'
CRITICAL - 2025-03-05 18:11:37 --> Unknown column 'usuario.nombre_usuario' in 'field list'
#0 C:\xampp\htdocs\Bienestar_Animal_Tlaxcala\vendor\codeigniter4\framework\system\Database\MySQLi\Connection.php(292): mysqli->query('SELECT `usuario...', 0)
#1 C:\xampp\htdocs\Bienestar_Animal_Tlaxcala\vendor\codeigniter4\framework\system\Database\BaseConnection.php(670): CodeIgniter\Database\MySQLi\Connection->execute('SELECT `usuario...')
#2 C:\xampp\htdocs\Bienestar_Animal_Tlaxcala\vendor\codeigniter4\framework\system\Database\BaseConnection.php(598): CodeIgniter\Database\BaseConnection->simpleQuery('SELECT `usuario...')
#3 C:\xampp\htdocs\Bienestar_Animal_Tlaxcala\vendor\codeigniter4\framework\system\Database\BaseBuilder.php(1455): CodeIgniter\Database\BaseConnection->query('SELECT `usuario...', Array, false)
#4 C:\xampp\htdocs\Bienestar_Animal_Tlaxcala\vendor\codeigniter4\framework\system\Model.php(210): CodeIgniter\Database\BaseBuilder->get()
#5 C:\xampp\htdocs\Bienestar_Animal_Tlaxcala\vendor\codeigniter4\framework\system\BaseModel.php(622): CodeIgniter\Model->doFirst()
#6 C:\xampp\htdocs\Bienestar_Animal_Tlaxcala\app\Models\Tabla_usuarios.php(69): CodeIgniter\BaseModel->first()
#7 C:\xampp\htdocs\Bienestar_Animal_Tlaxcala\app\Controllers\Usuario\Login.php(37): App\Models\Tabla_usuarios->loginUsuario('userci@example....', 'c1e2bc032dc2d0b...')
#8 C:\xampp\htdocs\Bienestar_Animal_Tlaxcala\vendor\codeigniter4\framework\system\CodeIgniter.php(832): App\Controllers\Usuario\Login->validar_usuario()
#9 C:\xampp\htdocs\Bienestar_Animal_Tlaxcala\vendor\codeigniter4\framework\system\CodeIgniter.php(419): CodeIgniter\CodeIgniter->runController(Object(App\Controllers\Usuario\Login))
#10 C:\xampp\htdocs\Bienestar_Animal_Tlaxcala\vendor\codeigniter4\framework\system\CodeIgniter.php(326): CodeIgniter\CodeIgniter->handleRequest(NULL, Object(Config\Cache), false)
#11 C:\xampp\htdocs\Bienestar_Animal_Tlaxcala\public\index.php(37): CodeIgniter\CodeIgniter->run()
#12 C:\xampp\htdocs\Bienestar_Animal_Tlaxcala\vendor\codeigniter4\framework\system\Commands\Server\rewrite.php(43): require_once('C:\\xampp\\htdocs...')
#13 {main}
ERROR - 2025-03-05 18:12:05 --> Unknown column 'usuario.nombre_usuario' in 'field list'
CRITICAL - 2025-03-05 18:12:05 --> Unknown column 'usuario.nombre_usuario' in 'field list'
#0 C:\xampp\htdocs\Bienestar_Animal_Tlaxcala\vendor\codeigniter4\framework\system\Database\MySQLi\Connection.php(292): mysqli->query('SELECT `usuario...', 0)
#1 C:\xampp\htdocs\Bienestar_Animal_Tlaxcala\vendor\codeigniter4\framework\system\Database\BaseConnection.php(670): CodeIgniter\Database\MySQLi\Connection->execute('SELECT `usuario...')
#2 C:\xampp\htdocs\Bienestar_Animal_Tlaxcala\vendor\codeigniter4\framework\system\Database\BaseConnection.php(598): CodeIgniter\Database\BaseConnection->simpleQuery('SELECT `usuario...')
#3 C:\xampp\htdocs\Bienestar_Animal_Tlaxcala\vendor\codeigniter4\framework\system\Database\BaseBuilder.php(1455): CodeIgniter\Database\BaseConnection->query('SELECT `usuario...', Array, false)
#4 C:\xampp\htdocs\Bienestar_Animal_Tlaxcala\vendor\codeigniter4\framework\system\Model.php(210): CodeIgniter\Database\BaseBuilder->get()
#5 C:\xampp\htdocs\Bienestar_Animal_Tlaxcala\vendor\codeigniter4\framework\system\BaseModel.php(622): CodeIgniter\Model->doFirst()
#6 C:\xampp\htdocs\Bienestar_Animal_Tlaxcala\app\Models\Tabla_usuarios.php(69): CodeIgniter\BaseModel->first()
#7 C:\xampp\htdocs\Bienestar_Animal_Tlaxcala\app\Controllers\Usuario\Login.php(37): App\Models\Tabla_usuarios->loginUsuario('userci@example....', 'c1e2bc032dc2d0b...')
#8 C:\xampp\htdocs\Bienestar_Animal_Tlaxcala\vendor\codeigniter4\framework\system\CodeIgniter.php(832): App\Controllers\Usuario\Login->validar_usuario()
#9 C:\xampp\htdocs\Bienestar_Animal_Tlaxcala\vendor\codeigniter4\framework\system\CodeIgniter.php(419): CodeIgniter\CodeIgniter->runController(Object(App\Controllers\Usuario\Login))
#10 C:\xampp\htdocs\Bienestar_Animal_Tlaxcala\vendor\codeigniter4\framework\system\CodeIgniter.php(326): CodeIgniter\CodeIgniter->handleRequest(NULL, Object(Config\Cache), false)
#11 C:\xampp\htdocs\Bienestar_Animal_Tlaxcala\public\index.php(37): CodeIgniter\CodeIgniter->run()
#12 C:\xampp\htdocs\Bienestar_Animal_Tlaxcala\vendor\codeigniter4\framework\system\Commands\Server\rewrite.php(43): require_once('C:\\xampp\\htdocs...')
#13 {main}
ERROR - 2025-03-05 18:12:09 --> Unknown column 'usuario.nombre_usuario' in 'field list'
CRITICAL - 2025-03-05 18:12:09 --> Unknown column 'usuario.nombre_usuario' in 'field list'
#0 C:\xampp\htdocs\Bienestar_Animal_Tlaxcala\vendor\codeigniter4\framework\system\Database\MySQLi\Connection.php(292): mysqli->query('SELECT `usuario...', 0)
#1 C:\xampp\htdocs\Bienestar_Animal_Tlaxcala\vendor\codeigniter4\framework\system\Database\BaseConnection.php(670): CodeIgniter\Database\MySQLi\Connection->execute('SELECT `usuario...')
#2 C:\xampp\htdocs\Bienestar_Animal_Tlaxcala\vendor\codeigniter4\framework\system\Database\BaseConnection.php(598): CodeIgniter\Database\BaseConnection->simpleQuery('SELECT `usuario...')
#3 C:\xampp\htdocs\Bienestar_Animal_Tlaxcala\vendor\codeigniter4\framework\system\Database\BaseBuilder.php(1455): CodeIgniter\Database\BaseConnection->query('SELECT `usuario...', Array, false)
#4 C:\xampp\htdocs\Bienestar_Animal_Tlaxcala\vendor\codeigniter4\framework\system\Model.php(210): CodeIgniter\Database\BaseBuilder->get()
#5 C:\xampp\htdocs\Bienestar_Animal_Tlaxcala\vendor\codeigniter4\framework\system\BaseModel.php(622): CodeIgniter\Model->doFirst()
#6 C:\xampp\htdocs\Bienestar_Animal_Tlaxcala\app\Models\Tabla_usuarios.php(69): CodeIgniter\BaseModel->first()
#7 C:\xampp\htdocs\Bienestar_Animal_Tlaxcala\app\Controllers\Usuario\Login.php(37): App\Models\Tabla_usuarios->loginUsuario('userci@example....', 'c1e2bc032dc2d0b...')
#8 C:\xampp\htdocs\Bienestar_Animal_Tlaxcala\vendor\codeigniter4\framework\system\CodeIgniter.php(832): App\Controllers\Usuario\Login->validar_usuario()
#9 C:\xampp\htdocs\Bienestar_Animal_Tlaxcala\vendor\codeigniter4\framework\system\CodeIgniter.php(419): CodeIgniter\CodeIgniter->runController(Object(App\Controllers\Usuario\Login))
#10 C:\xampp\htdocs\Bienestar_Animal_Tlaxcala\vendor\codeigniter4\framework\system\CodeIgniter.php(326): CodeIgniter\CodeIgniter->handleRequest(NULL, Object(Config\Cache), false)
#11 C:\xampp\htdocs\Bienestar_Animal_Tlaxcala\public\index.php(37): CodeIgniter\CodeIgniter->run()
#12 C:\xampp\htdocs\Bienestar_Animal_Tlaxcala\vendor\codeigniter4\framework\system\Commands\Server\rewrite.php(43): require_once('C:\\xampp\\htdocs...')
#13 {main}
CRITICAL - 2025-03-05 18:12:54 --> Undefined property: stdClass::$nombre_usuario
#0 C:\xampp\htdocs\Bienestar_Animal_Tlaxcala\app\Controllers\Usuario\Login.php(50): CodeIgniter\Debug\Exceptions->errorHandler(8, 'Undefined prope...', 'C:\\xampp\\htdocs...', 50, Array)
#1 C:\xampp\htdocs\Bienestar_Animal_Tlaxcala\vendor\codeigniter4\framework\system\CodeIgniter.php(832): App\Controllers\Usuario\Login->validar_usuario()
#2 C:\xampp\htdocs\Bienestar_Animal_Tlaxcala\vendor\codeigniter4\framework\system\CodeIgniter.php(419): CodeIgniter\CodeIgniter->runController(Object(App\Controllers\Usuario\Login))
#3 C:\xampp\htdocs\Bienestar_Animal_Tlaxcala\vendor\codeigniter4\framework\system\CodeIgniter.php(326): CodeIgniter\CodeIgniter->handleRequest(NULL, Object(Config\Cache), false)
#4 C:\xampp\htdocs\Bienestar_Animal_Tlaxcala\public\index.php(37): CodeIgniter\CodeIgniter->run()
#5 C:\xampp\htdocs\Bienestar_Animal_Tlaxcala\vendor\codeigniter4\framework\system\Commands\Server\rewrite.php(43): require_once('C:\\xampp\\htdocs...')
#6 {main}
CRITICAL - 2025-03-05 18:13:07 --> Undefined property: stdClass::$nombre_usuario
#0 C:\xampp\htdocs\Bienestar_Animal_Tlaxcala\app\Controllers\Usuario\Login.php(50): CodeIgniter\Debug\Exceptions->errorHandler(8, 'Undefined prope...', 'C:\\xampp\\htdocs...', 50, Array)
#1 C:\xampp\htdocs\Bienestar_Animal_Tlaxcala\vendor\codeigniter4\framework\system\CodeIgniter.php(832): App\Controllers\Usuario\Login->validar_usuario()
#2 C:\xampp\htdocs\Bienestar_Animal_Tlaxcala\vendor\codeigniter4\framework\system\CodeIgniter.php(419): CodeIgniter\CodeIgniter->runController(Object(App\Controllers\Usuario\Login))
#3 C:\xampp\htdocs\Bienestar_Animal_Tlaxcala\vendor\codeigniter4\framework\system\CodeIgniter.php(326): CodeIgniter\CodeIgniter->handleRequest(NULL, Object(Config\Cache), false)
#4 C:\xampp\htdocs\Bienestar_Animal_Tlaxcala\public\index.php(37): CodeIgniter\CodeIgniter->run()
#5 C:\xampp\htdocs\Bienestar_Animal_Tlaxcala\vendor\codeigniter4\framework\system\Commands\Server\rewrite.php(43): require_once('C:\\xampp\\htdocs...')
#6 {main}
CRITICAL - 2025-03-05 18:13:28 --> Undefined property: stdClass::$sexo_usuario
#0 C:\xampp\htdocs\Bienestar_Animal_Tlaxcala\app\Controllers\Usuario\Login.php(51): CodeIgniter\Debug\Exceptions->errorHandler(8, 'Undefined prope...', 'C:\\xampp\\htdocs...', 51, Array)
#1 C:\xampp\htdocs\Bienestar_Animal_Tlaxcala\vendor\codeigniter4\framework\system\CodeIgniter.php(832): App\Controllers\Usuario\Login->validar_usuario()
#2 C:\xampp\htdocs\Bienestar_Animal_Tlaxcala\vendor\codeigniter4\framework\system\CodeIgniter.php(419): CodeIgniter\CodeIgniter->runController(Object(App\Controllers\Usuario\Login))
#3 C:\xampp\htdocs\Bienestar_Animal_Tlaxcala\vendor\codeigniter4\framework\system\CodeIgniter.php(326): CodeIgniter\CodeIgniter->handleRequest(NULL, Object(Config\Cache), false)
#4 C:\xampp\htdocs\Bienestar_Animal_Tlaxcala\public\index.php(37): CodeIgniter\CodeIgniter->run()
#5 C:\xampp\htdocs\Bienestar_Animal_Tlaxcala\vendor\codeigniter4\framework\system\Commands\Server\rewrite.php(43): require_once('C:\\xampp\\htdocs...')
#6 {main}
ERROR - 2025-03-05 18:14:03 --> Unknown column 'usuarios.sexo_usuario usuarios.email_usuario' in 'field list'
CRITICAL - 2025-03-05 18:14:03 --> Unknown column 'usuarios.sexo_usuario usuarios.email_usuario' in 'field list'
#0 C:\xampp\htdocs\Bienestar_Animal_Tlaxcala\vendor\codeigniter4\framework\system\Database\MySQLi\Connection.php(292): mysqli->query('SELECT `usuario...', 0)
#1 C:\xampp\htdocs\Bienestar_Animal_Tlaxcala\vendor\codeigniter4\framework\system\Database\BaseConnection.php(670): CodeIgniter\Database\MySQLi\Connection->execute('SELECT `usuario...')
#2 C:\xampp\htdocs\Bienestar_Animal_Tlaxcala\vendor\codeigniter4\framework\system\Database\BaseConnection.php(598): CodeIgniter\Database\BaseConnection->simpleQuery('SELECT `usuario...')
#3 C:\xampp\htdocs\Bienestar_Animal_Tlaxcala\vendor\codeigniter4\framework\system\Database\BaseBuilder.php(1455): CodeIgniter\Database\BaseConnection->query('SELECT `usuario...', Array, false)
#4 C:\xampp\htdocs\Bienestar_Animal_Tlaxcala\vendor\codeigniter4\framework\system\Model.php(210): CodeIgniter\Database\BaseBuilder->get()
#5 C:\xampp\htdocs\Bienestar_Animal_Tlaxcala\vendor\codeigniter4\framework\system\BaseModel.php(622): CodeIgniter\Model->doFirst()
#6 C:\xampp\htdocs\Bienestar_Animal_Tlaxcala\app\Models\Tabla_usuarios.php(69): CodeIgniter\BaseModel->first()
#7 C:\xampp\htdocs\Bienestar_Animal_Tlaxcala\app\Controllers\Usuario\Login.php(37): App\Models\Tabla_usuarios->loginUsuario('userci@example....', 'c1e2bc032dc2d0b...')
#8 C:\xampp\htdocs\Bienestar_Animal_Tlaxcala\vendor\codeigniter4\framework\system\CodeIgniter.php(832): App\Controllers\Usuario\Login->validar_usuario()
#9 C:\xampp\htdocs\Bienestar_Animal_Tlaxcala\vendor\codeigniter4\framework\system\CodeIgniter.php(419): CodeIgniter\CodeIgniter->runController(Object(App\Controllers\Usuario\Login))
#10 C:\xampp\htdocs\Bienestar_Animal_Tlaxcala\vendor\codeigniter4\framework\system\CodeIgniter.php(326): CodeIgniter\CodeIgniter->handleRequest(NULL, Object(Config\Cache), false)
#11 C:\xampp\htdocs\Bienestar_Animal_Tlaxcala\public\index.php(37): CodeIgniter\CodeIgniter->run()
#12 C:\xampp\htdocs\Bienestar_Animal_Tlaxcala\vendor\codeigniter4\framework\system\Commands\Server\rewrite.php(43): require_once('C:\\xampp\\htdocs...')
#13 {main}
CRITICAL - 2025-03-05 18:14:12 --> Undefined property: stdClass::$email_usuario
#0 C:\xampp\htdocs\Bienestar_Animal_Tlaxcala\app\Controllers\Usuario\Login.php(52): CodeIgniter\Debug\Exceptions->errorHandler(8, 'Undefined prope...', 'C:\\xampp\\htdocs...', 52, Array)
#1 C:\xampp\htdocs\Bienestar_Animal_Tlaxcala\vendor\codeigniter4\framework\system\CodeIgniter.php(832): App\Controllers\Usuario\Login->validar_usuario()
#2 C:\xampp\htdocs\Bienestar_Animal_Tlaxcala\vendor\codeigniter4\framework\system\CodeIgniter.php(419): CodeIgniter\CodeIgniter->runController(Object(App\Controllers\Usuario\Login))
#3 C:\xampp\htdocs\Bienestar_Animal_Tlaxcala\vendor\codeigniter4\framework\system\CodeIgniter.php(326): CodeIgniter\CodeIgniter->handleRequest(NULL, Object(Config\Cache), false)
#4 C:\xampp\htdocs\Bienestar_Animal_Tlaxcala\public\index.php(37): CodeIgniter\CodeIgniter->run()
#5 C:\xampp\htdocs\Bienestar_Animal_Tlaxcala\vendor\codeigniter4\framework\system\Commands\Server\rewrite.php(43): require_once('C:\\xampp\\htdocs...')
#6 {main}
CRITICAL - 2025-03-05 18:14:46 --> Undefined property: stdClass::$imagen_usuario
#0 C:\xampp\htdocs\Bienestar_Animal_Tlaxcala\app\Controllers\Usuario\Login.php(53): CodeIgniter\Debug\Exceptions->errorHandler(8, 'Undefined prope...', 'C:\\xampp\\htdocs...', 53, Array)
#1 C:\xampp\htdocs\Bienestar_Animal_Tlaxcala\vendor\codeigniter4\framework\system\CodeIgniter.php(832): App\Controllers\Usuario\Login->validar_usuario()
#2 C:\xampp\htdocs\Bienestar_Animal_Tlaxcala\vendor\codeigniter4\framework\system\CodeIgniter.php(419): CodeIgniter\CodeIgniter->runController(Object(App\Controllers\Usuario\Login))
#3 C:\xampp\htdocs\Bienestar_Animal_Tlaxcala\vendor\codeigniter4\framework\system\CodeIgniter.php(326): CodeIgniter\CodeIgniter->handleRequest(NULL, Object(Config\Cache), false)
#4 C:\xampp\htdocs\Bienestar_Animal_Tlaxcala\public\index.php(37): CodeIgniter\CodeIgniter->run()
#5 C:\xampp\htdocs\Bienestar_Animal_Tlaxcala\vendor\codeigniter4\framework\system\Commands\Server\rewrite.php(43): require_once('C:\\xampp\\htdocs...')
#6 {main}
CRITICAL - 2025-03-05 18:14:57 --> Undefined property: stdClass::$id_rol
#0 C:\xampp\htdocs\Bienestar_Animal_Tlaxcala\app\Controllers\Usuario\Login.php(55): CodeIgniter\Debug\Exceptions->errorHandler(8, 'Undefined prope...', 'C:\\xampp\\htdocs...', 55, Array)
#1 C:\xampp\htdocs\Bienestar_Animal_Tlaxcala\vendor\codeigniter4\framework\system\CodeIgniter.php(832): App\Controllers\Usuario\Login->validar_usuario()
#2 C:\xampp\htdocs\Bienestar_Animal_Tlaxcala\vendor\codeigniter4\framework\system\CodeIgniter.php(419): CodeIgniter\CodeIgniter->runController(Object(App\Controllers\Usuario\Login))
#3 C:\xampp\htdocs\Bienestar_Animal_Tlaxcala\vendor\codeigniter4\framework\system\CodeIgniter.php(326): CodeIgniter\CodeIgniter->handleRequest(NULL, Object(Config\Cache), false)
#4 C:\xampp\htdocs\Bienestar_Animal_Tlaxcala\public\index.php(37): CodeIgniter\CodeIgniter->run()
#5 C:\xampp\htdocs\Bienestar_Animal_Tlaxcala\vendor\codeigniter4\framework\system\Commands\Server\rewrite.php(43): require_once('C:\\xampp\\htdocs...')
#6 {main}
